正克隆到 'android_env'...
/usr/lib/git-core/git-remote-https: symbol lookup error: /lib/x86_64-linux-gnu/libp11-kit.so.0: undefined symbol: ffi_type_pointer, version LIBFFI_BASE_7.0
正克隆到 'android_env'...
错误：RPC 失败。curl 56 Recv failure: 连接超时
错误：预期仍然需要 2352 个字节的正文
fetch-pack: unexpected disconnect while reading sideband packet
致命错误：过早的文件结束符（EOF）
致命错误：fetch-pack：无效的 index-pack 输出
正克隆到 'android_env'...
错误：RPC 失败。curl 56 Recv failure: 连接被对方重设
错误：预期仍然需要 6828 个字节的正文
fetch-pack: unexpected disconnect while reading sideband packet
致命错误：过早的文件结束符（EOF）
致命错误：fetch-pack：无效的 index-pack 输出
正克隆到 'android_env'...
致命错误：无法访问 'https://github.com/deepmind/android_env.git/'：Failed to connect to 172.40.1.209 port 7897 after 129170 ms: Couldn't connect to server
正克隆到 'android_env'...
错误：RPC 失败。curl 56 Recv failure: 连接被对方重设
错误：预期仍然需要 2378 个字节的正文
fetch-pack: unexpected disconnect while reading sideband packet
致命错误：过早的文件结束符（EOF）
致命错误：fetch-pack：无效的 index-pack 输出
